2022-07-05 14:49:12 error: uncaughtException: listen EADDRINUSE: address already in use :::3000
Error: listen EADDRINUSE: address already in use :::3000
    at Server.setupListenHandle [as _listen2] (node:net:1330:16)
    at listenInCluster (node:net:1378:12)
    at Server.listen (node:net:1465:7)
    at Function.listen (/home/massimiliano/massi/40k/server_ts_app/node_modules/express/lib/application.js:635:24)
    at App.listen (/home/massimiliano/massi/40k/server_ts_app/src/app.ts:32:14)
    at Object.<anonymous> (/home/massimiliano/massi/40k/server_ts_app/src/server.ts:11:5)
    at Module._compile (node:internal/modules/cjs/loader:1097:14)
    at Module.m._compile (/home/massimiliano/massi/40k/server_ts_app/node_modules/ts-node/src/index.ts:1597:23)
    at Module._extensions..js (node:internal/modules/cjs/loader:1151:10)
    at Object.require.extensions.<computed> [as .ts] (/home/massimiliano/massi/40k/server_ts_app/node_modules/ts-node/src/index.ts:1600:12)
2022-07-05 14:49:35 error: uncaughtException: listen EADDRINUSE: address already in use :::3000
Error: listen EADDRINUSE: address already in use :::3000
    at Server.setupListenHandle [as _listen2] (node:net:1330:16)
    at listenInCluster (node:net:1378:12)
    at Server.listen (node:net:1465:7)
    at Function.listen (/home/massimiliano/massi/40k/server_ts_app/node_modules/express/lib/application.js:635:24)
    at App.listen (/home/massimiliano/massi/40k/server_ts_app/src/app.ts:32:14)
    at Object.<anonymous> (/home/massimiliano/massi/40k/server_ts_app/src/server.ts:11:5)
    at Module._compile (node:internal/modules/cjs/loader:1097:14)
    at Module.m._compile (/home/massimiliano/massi/40k/server_ts_app/node_modules/ts-node/src/index.ts:1597:23)
    at Module._extensions..js (node:internal/modules/cjs/loader:1151:10)
    at Object.require.extensions.<computed> [as .ts] (/home/massimiliano/massi/40k/server_ts_app/node_modules/ts-node/src/index.ts:1600:12)
2022-07-05 14:50:34 error: uncaughtException: listen EADDRINUSE: address already in use :::3000
Error: listen EADDRINUSE: address already in use :::3000
    at Server.setupListenHandle [as _listen2] (node:net:1330:16)
    at listenInCluster (node:net:1378:12)
    at Server.listen (node:net:1465:7)
    at Function.listen (/home/massimiliano/massi/40k/server_ts_app/node_modules/express/lib/application.js:635:24)
    at App.listen (/home/massimiliano/massi/40k/server_ts_app/src/app.ts:32:14)
    at Object.<anonymous> (/home/massimiliano/massi/40k/server_ts_app/src/server.ts:11:5)
    at Module._compile (node:internal/modules/cjs/loader:1097:14)
    at Module.m._compile (/home/massimiliano/massi/40k/server_ts_app/node_modules/ts-node/src/index.ts:1597:23)
    at Module._extensions..js (node:internal/modules/cjs/loader:1151:10)
    at Object.require.extensions.<computed> [as .ts] (/home/massimiliano/massi/40k/server_ts_app/node_modules/ts-node/src/index.ts:1600:12)
2022-07-05 14:50:52 error: uncaughtException: listen EADDRINUSE: address already in use :::3000
Error: listen EADDRINUSE: address already in use :::3000
    at Server.setupListenHandle [as _listen2] (node:net:1330:16)
    at listenInCluster (node:net:1378:12)
    at Server.listen (node:net:1465:7)
    at Function.listen (/home/massimiliano/massi/40k/server_ts_app/node_modules/express/lib/application.js:635:24)
    at App.listen (/home/massimiliano/massi/40k/server_ts_app/src/app.ts:32:14)
    at Object.<anonymous> (/home/massimiliano/massi/40k/server_ts_app/src/server.ts:11:5)
    at Module._compile (node:internal/modules/cjs/loader:1097:14)
    at Module.m._compile (/home/massimiliano/massi/40k/server_ts_app/node_modules/ts-node/src/index.ts:1597:23)
    at Module._extensions..js (node:internal/modules/cjs/loader:1151:10)
    at Object.require.extensions.<computed> [as .ts] (/home/massimiliano/massi/40k/server_ts_app/node_modules/ts-node/src/index.ts:1600:12)
2022-07-05 14:50:55 error: uncaughtException: listen EADDRINUSE: address already in use :::3000
Error: listen EADDRINUSE: address already in use :::3000
    at Server.setupListenHandle [as _listen2] (node:net:1330:16)
    at listenInCluster (node:net:1378:12)
    at Server.listen (node:net:1465:7)
    at Function.listen (/home/massimiliano/massi/40k/server_ts_app/node_modules/express/lib/application.js:635:24)
    at App.listen (/home/massimiliano/massi/40k/server_ts_app/src/app.ts:32:14)
    at Object.<anonymous> (/home/massimiliano/massi/40k/server_ts_app/src/server.ts:11:5)
    at Module._compile (node:internal/modules/cjs/loader:1097:14)
    at Module.m._compile (/home/massimiliano/massi/40k/server_ts_app/node_modules/ts-node/src/index.ts:1597:23)
    at Module._extensions..js (node:internal/modules/cjs/loader:1151:10)
    at Object.require.extensions.<computed> [as .ts] (/home/massimiliano/massi/40k/server_ts_app/node_modules/ts-node/src/index.ts:1600:12)
